<?xml version="1.0" encoding="UTF-8"?>
<!-- Generated by org.testng.reporters.JUnitXMLReporter -->
<testsuite hostname="DESKTOP-7PFURVE" name="Test2" tests="2" failures="2" timestamp="25 Oct 2018 04:50:40 GMT" time="0.017" errors="0">
  <testcase name="loginpagetitletest" time="0.002" classname="tvd.trm.qa.testcases.Loginpagetest">
    <failure type="java.lang.NullPointerException">
      <![CDATA[java.lang.NullPointerException
	at tvd.trm.qa.testcases.Loginpagetest.loginpagetitletest(Loginpagetest.java:39)
... Removed 24 stack frames]]>
    </failure>
  </testcase> <!-- loginpagetitletest -->
  <testcase name="trmlogoimagetest" time="0.003" classname="tvd.trm.qa.testcases.Loginpagetest">
    <failure type="java.lang.NullPointerException">
      <![CDATA[java.lang.NullPointerException
	at tvd.trm.qa.testcases.Loginpagetest.trmlogoimagetest(Loginpagetest.java:47)
... Removed 24 stack frames]]>
    </failure>
  </testcase> <!-- trmlogoimagetest -->
</testsuite> <!-- Test2 -->
