<?xml version="1.0" encoding="UTF-8"?>
<!-- Generated by org.testng.reporters.JUnitXMLReporter -->
<testsuite hostname="DESKTOP-7PFURVE" name="Test1" tests="2" failures="2" timestamp="25 Oct 2018 04:50:40 GMT" time="0.167" errors="0">
  <testcase name="loginpage" time="0.129" classname="tvd.trm.qa.testcases.Loginpagetest">
    <failure type="java.lang.NullPointerException">
      <![CDATA[java.lang.NullPointerException
	at tvd.trm.qa.testcases.Loginpagetest.loginpage(Loginpagetest.java:57)
... Removed 24 stack frames]]>
    </failure>
  </testcase> <!-- loginpage -->
  <testcase name="loginpagetitletest" time="0.002" classname="tvd.trm.qa.testcases.Loginpagetest">
    <failure type="java.lang.NullPointerException">
      <![CDATA[java.lang.NullPointerException
	at tvd.trm.qa.testcases.Loginpagetest.loginpagetitletest(Loginpagetest.java:39)
... Removed 24 stack frames]]>
    </failure>
  </testcase> <!-- loginpagetitletest -->
</testsuite> <!-- Test1 -->
