<?xml version="1.0" encoding="UTF-8"?>
<!-- Generated by org.testng.reporters.JUnitXMLReporter -->
<testsuite hostname="DESKTOP-7PFURVE" name="TRM_regression_group" tests="2" failures="2" timestamp="25 Oct 2018 06:43:53 GMT" time="0.146" errors="0">
  <testcase name="loginpage" time="0.099" classname="tvd.trm.qa.testcases.Loginpagetest">
    <failure type="java.lang.NullPointerException">
      <![CDATA[java.lang.NullPointerException
	at tvd.trm.qa.testcases.Loginpagetest.loginpage(Loginpagetest.java:57)
... Removed 24 stack frames]]>
    </failure>
  </testcase> <!-- loginpage -->
  <testcase name="loginpagetitletest" time="0.002" classname="tvd.trm.qa.testcases.Loginpagetest">
    <failure type="java.lang.NullPointerException">
      <![CDATA[java.lang.NullPointerException
	at tvd.trm.qa.testcases.Loginpagetest.loginpagetitletest(Loginpagetest.java:39)
... Removed 24 stack frames]]>
    </failure>
  </testcase> <!-- loginpagetitletest -->
</testsuite> <!-- TRM_regression_group -->
