<?xml version="1.0" encoding="UTF-8"?>
<!-- Generated by org.testng.reporters.JUnitXMLReporter -->
<testsuite hostname="DESKTOP-7PFURVE" name="TRM_Testcases" tests="2" failures="2" timestamp="26 Oct 2018 08:58:38 GMT" time="0.148" errors="0">
  <testcase name="loginpage" time="0.082" classname="tvd.trm.qa.testcases.Loginpagetest">
    <failure type="java.lang.NullPointerException">
      <![CDATA[java.lang.NullPointerException
	at tvd.trm.qa.testcases.Loginpagetest.loginpage(Loginpagetest.java:58)
... Removed 24 stack frames]]>
    </failure>
  </testcase> <!-- loginpage -->
  <testcase name="loginpagetitletest" time="0.003" classname="tvd.trm.qa.testcases.Loginpagetest">
    <failure type="java.lang.NullPointerException">
      <![CDATA[java.lang.NullPointerException
	at tvd.trm.qa.testcases.Loginpagetest.loginpagetitletest(Loginpagetest.java:40)
... Removed 24 stack frames]]>
    </failure>
  </testcase> <!-- loginpagetitletest -->
</testsuite> <!-- TRM_Testcases -->
