<?xml version="1.0" encoding="UTF-8"?>
<testng-results skipped="0" failed="2" total="2" passed="0">
  <reporter-output>
  </reporter-output>
  <suite name="Default suite" duration-ms="117516" started-at="2019-03-22T09:13:13Z" finished-at="2019-03-22T09:15:11Z">
    <groups>
    </groups>
    <test name="Default test" duration-ms="117516" started-at="2019-03-22T09:13:13Z" finished-at="2019-03-22T09:15:11Z">
      <class name="tvd.trm.qa.testcases.GenerateticketTest">
        <test-method status="PASS" signature="setup()[pri:0, instance:tvd.trm.qa.testcases.GenerateticketTest@25bbe1b6]" name="setup" is-config="true" duration-ms="63788" started-at="2019-03-22T14:43:15Z" finished-at="2019-03-22T14:44:19Z">
          <reporter-output>
          </reporter-output>
        </test-method> <!-- setup -->
        <test-method status="FAIL" signature="raiseaticket(java.lang.String, java.lang.String, java.lang.String, java.lang.String, java.lang.String, java.lang.String, java.lang.String)[pri:2, instance:tvd.trm.qa.testcases.GenerateticketTest@25bbe1b6]" name="raiseaticket" duration-ms="791" started-at="2019-03-22T14:44:19Z" data-provider="getTestdataofgenerateticket" finished-at="2019-03-22T14:44:20Z">
          <params>
            <param index="0">
              <value is-null="true"/>
            </param>
            <param index="1">
              <value is-null="true"/>
            </param>
            <param index="2">
              <value is-null="true"/>
            </param>
            <param index="3">
              <value is-null="true"/>
            </param>
            <param index="4">
              <value is-null="true"/>
            </param>
            <param index="5">
              <value is-null="true"/>
            </param>
            <param index="6">
              <value is-null="true"/>
            </param>
          </params>
          <exception class="java.lang.NullPointerException">
            <full-stacktrace>
              <![CDATA[java.lang.NullPointerException
	at org.openqa.selenium.support.ui.Quotes.escape(Quotes.java:42)
	at org.openqa.selenium.support.ui.Select.selectByVisibleText(Select.java:115)
	at tvd.trm.qa.pages.Generateticketpage.clickonpriority(Generateticketpage.java:48)
	at tvd.trm.qa.testcases.GenerateticketTest.raiseaticket(GenerateticketTest.java:68)
	at sun.reflect.NativeMethodAccessorImpl.invoke0(Native Method)
	at sun.reflect.NativeMethodAccessorImpl.invoke(Unknown Source)
	at sun.reflect.DelegatingMethodAccessorImpl.invoke(Unknown Source)
	at java.lang.reflect.Method.invoke(Unknown Source)
	at org.testng.internal.MethodInvocationHelper.invokeMethod(MethodInvocationHelper.java:85)
	at org.testng.internal.Invoker.invokeMethod(Invoker.java:639)
	at org.testng.internal.Invoker.invokeTestMethod(Invoker.java:816)
	at org.testng.internal.Invoker.invokeTestMethods(Invoker.java:1124)
	at org.testng.internal.TestMethodWorker.invokeTestMethods(TestMethodWorker.java:125)
	at org.testng.internal.TestMethodWorker.run(TestMethodWorker.java:108)
	at org.testng.TestRunner.privateRun(TestRunner.java:774)
	at org.testng.TestRunner.run(TestRunner.java:624)
	at org.testng.SuiteRunner.runTest(SuiteRunner.java:359)
	at org.testng.SuiteRunner.runSequentially(SuiteRunner.java:354)
	at org.testng.SuiteRunner.privateRun(SuiteRunner.java:312)
	at org.testng.SuiteRunner.run(SuiteRunner.java:261)
	at org.testng.SuiteRunnerWorker.runSuite(SuiteRunnerWorker.java:52)
	at org.testng.SuiteRunnerWorker.run(SuiteRunnerWorker.java:86)
	at org.testng.TestNG.runSuitesSequentially(TestNG.java:1215)
	at org.testng.TestNG.runSuitesLocally(TestNG.java:1140)
	at org.testng.TestNG.run(TestNG.java:1048)
	at org.testng.remote.AbstractRemoteTestNG.run(AbstractRemoteTestNG.java:114)
	at org.testng.remote.RemoteTestNG.initAndRun(RemoteTestNG.java:251)
	at org.testng.remote.RemoteTestNG.main(RemoteTestNG.java:77)
]]>
            </full-stacktrace>
          </exception> <!-- java.lang.NullPointerException -->
          <reporter-output>
          </reporter-output>
        </test-method> <!-- raiseaticket -->
        <test-method status="PASS" signature="teardown()[pri:0, instance:tvd.trm.qa.testcases.GenerateticketTest@25bbe1b6]" name="teardown" is-config="true" duration-ms="3892" started-at="2019-03-22T14:44:20Z" finished-at="2019-03-22T14:44:24Z">
          <reporter-output>
          </reporter-output>
        </test-method> <!-- teardown -->
        <test-method status="PASS" signature="setup()[pri:0, instance:tvd.trm.qa.testcases.GenerateticketTest@25bbe1b6]" name="setup" is-config="true" duration-ms="38489" started-at="2019-03-22T14:44:24Z" finished-at="2019-03-22T14:45:02Z">
          <reporter-output>
          </reporter-output>
        </test-method> <!-- setup -->
        <test-method status="FAIL" signature="raiseaticket(java.lang.String, java.lang.String, java.lang.String, java.lang.String, java.lang.String, java.lang.String, java.lang.String)[pri:2, instance:tvd.trm.qa.testcases.GenerateticketTest@25bbe1b6]" name="raiseaticket" duration-ms="6765" started-at="2019-03-22T14:45:02Z" data-provider="getTestdataofgenerateticket" finished-at="2019-03-22T14:45:09Z">
          <params>
            <param index="0">
              <value>
                <![CDATA[P1-High]]>
              </value>
            </param>
            <param index="1">
              <value>
                <![CDATA[S1-Critical]]>
              </value>
            </param>
            <param index="2">
              <value>
                <![CDATA[SOFTWARE]]>
              </value>
            </param>
            <param index="3">
              <value>
                <![CDATA[New]]>
              </value>
            </param>
            <param index="4">
              <value>
                <![CDATA[Prakash]]>
              </value>
            </param>
            <param index="5">
              <value>
                <![CDATA[nono]]>
              </value>
            </param>
            <param index="6">
              <value>
                <![CDATA[amshjsjkn]]>
              </value>
            </param>
          </params>
          <exception class="org.openqa.selenium.WebDriverException">
            <message>
              <![CDATA[unknown error: Element <textarea name="ctl00$ContentPlaceHolder1$txtdesc" rows="2" cols="150" id="ctl00_ContentPlaceHolder1_txtdesc" onkeypress="return this.value.length<=999" class="txtstyle" style="font-family:Tahoma;font-size:15px;height:60px;width:150%;"></textarea> is not clickable at point (259, 565). Other element would receive the click: <font size="2" color="#e9ebed" face="Tahoma">...</font>
  (Session info: chrome=72.0.3626.121)
  (Driver info: chromedriver=2.41.578737 (49da6702b16031c40d63e5618de03a32ff6c197e),platform=Windows NT 10.0.17134 x86_64) (WARNING: The server did not provide any stacktrace information)
Command duration or timeout: 296 milliseconds
Build info: version: '2.53.1', revision: 'a36b8b1', time: '2016-06-30 17:32:46'
System info: host: 'DESKTOP-7PFURVE', ip: '192.168.157.2', os.name: 'Windows 8.1', os.arch: 'amd64', os.version: '6.3', java.version: '1.8.0_40'
Driver info: org.openqa.selenium.chrome.ChromeDriver
Capabilities [{mobileEmulationEnabled=false, hasTouchScreen=false, platform=WIN8_1, acceptSslCerts=false, goog:chromeOptions={debuggerAddress=localhost:54566}, acceptInsecureCerts=false, webStorageEnabled=true, browserName=chrome, takesScreenshot=true, javascriptEnabled=true, setWindowRect=true, unexpectedAlertBehaviour=, applicationCacheEnabled=false, rotatable=false, networkConnectionEnabled=false, chrome={chromedriverVersion=2.41.578737 (49da6702b16031c40d63e5618de03a32ff6c197e), userDataDir=C:\Users\user1\AppData\Local\Temp\scoped_dir8976_12047}, takesHeapSnapshot=true, pageLoadStrategy=normal, databaseEnabled=false, handlesAlerts=true, version=72.0.3626.121, browserConnectionEnabled=false, nativeEvents=true, locationContextEnabled=true, cssSelectorsEnabled=true}]
Session ID: 25252729686698159af21cd9b4e52cfa]]>
            </message>
            <full-stacktrace>
              <![CDATA[org.openqa.selenium.WebDriverException: unknown error: Element <textarea name="ctl00$ContentPlaceHolder1$txtdesc" rows="2" cols="150" id="ctl00_ContentPlaceHolder1_txtdesc" onkeypress="return this.value.length<=999" class="txtstyle" style="font-family:Tahoma;font-size:15px;height:60px;width:150%;"></textarea> is not clickable at point (259, 565). Other element would receive the click: <font size="2" color="#e9ebed" face="Tahoma">...</font>
  (Session info: chrome=72.0.3626.121)
  (Driver info: chromedriver=2.41.578737 (49da6702b16031c40d63e5618de03a32ff6c197e),platform=Windows NT 10.0.17134 x86_64) (WARNING: The server did not provide any stacktrace information)
Command duration or timeout: 296 milliseconds
Build info: version: '2.53.1', revision: 'a36b8b1', time: '2016-06-30 17:32:46'
System info: host: 'DESKTOP-7PFURVE', ip: '192.168.157.2', os.name: 'Windows 8.1', os.arch: 'amd64', os.version: '6.3', java.version: '1.8.0_40'
Driver info: org.openqa.selenium.chrome.ChromeDriver
Capabilities [{mobileEmulationEnabled=false, hasTouchScreen=false, platform=WIN8_1, acceptSslCerts=false, goog:chromeOptions={debuggerAddress=localhost:54566}, acceptInsecureCerts=false, webStorageEnabled=true, browserName=chrome, takesScreenshot=true, javascriptEnabled=true, setWindowRect=true, unexpectedAlertBehaviour=, applicationCacheEnabled=false, rotatable=false, networkConnectionEnabled=false, chrome={chromedriverVersion=2.41.578737 (49da6702b16031c40d63e5618de03a32ff6c197e), userDataDir=C:\Users\user1\AppData\Local\Temp\scoped_dir8976_12047}, takesHeapSnapshot=true, pageLoadStrategy=normal, databaseEnabled=false, handlesAlerts=true, version=72.0.3626.121, browserConnectionEnabled=false, nativeEvents=true, locationContextEnabled=true, cssSelectorsEnabled=true}]
Session ID: 25252729686698159af21cd9b4e52cfa
	at sun.reflect.NativeConstructorAccessorImpl.newInstance0(Native Method)
	at sun.reflect.NativeConstructorAccessorImpl.newInstance(Unknown Source)
	at sun.reflect.DelegatingConstructorAccessorImpl.newInstance(Unknown Source)
	at java.lang.reflect.Constructor.newInstance(Unknown Source)
	at org.openqa.selenium.remote.ErrorHandler.createThrowable(ErrorHandler.java:206)
	at org.openqa.selenium.remote.ErrorHandler.throwIfResponseFailed(ErrorHandler.java:158)
	at org.openqa.selenium.remote.RemoteWebDriver.execute(RemoteWebDriver.java:678)
	at org.openqa.selenium.remote.RemoteWebElement.execute(RemoteWebElement.java:327)
	at org.openqa.selenium.remote.RemoteWebElement.click(RemoteWebElement.java:85)
	at sun.reflect.GeneratedMethodAccessor5.invoke(Unknown Source)
	at sun.reflect.DelegatingMethodAccessorImpl.invoke(Unknown Source)
	at java.lang.reflect.Method.invoke(Unknown Source)
	at org.openqa.selenium.support.events.EventFiringWebDriver$EventFiringWebElement$1.invoke(EventFiringWebDriver.java:335)
	at com.sun.proxy.$Proxy11.click(Unknown Source)
	at org.openqa.selenium.support.events.EventFiringWebDriver$EventFiringWebElement.click(EventFiringWebDriver.java:348)
	at sun.reflect.GeneratedMethodAccessor5.invoke(Unknown Source)
	at sun.reflect.DelegatingMethodAccessorImpl.invoke(Unknown Source)
	at java.lang.reflect.Method.invoke(Unknown Source)
	at org.openqa.selenium.support.pagefactory.internal.LocatingElementHandler.invoke(LocatingElementHandler.java:51)
	at com.sun.proxy.$Proxy10.click(Unknown Source)
	at tvd.trm.qa.pages.Generateticketpage.fillnaration(Generateticketpage.java:80)
	at tvd.trm.qa.testcases.GenerateticketTest.raiseaticket(GenerateticketTest.java:74)
	at sun.reflect.NativeMethodAccessorImpl.invoke0(Native Method)
	at sun.reflect.NativeMethodAccessorImpl.invoke(Unknown Source)
	at sun.reflect.DelegatingMethodAccessorImpl.invoke(Unknown Source)
	at java.lang.reflect.Method.invoke(Unknown Source)
	at org.testng.internal.MethodInvocationHelper.invokeMethod(MethodInvocationHelper.java:85)
	at org.testng.internal.Invoker.invokeMethod(Invoker.java:639)
	at org.testng.internal.Invoker.invokeTestMethod(Invoker.java:816)
	at org.testng.internal.Invoker.invokeTestMethods(Invoker.java:1124)
	at org.testng.internal.TestMethodWorker.invokeTestMethods(TestMethodWorker.java:125)
	at org.testng.internal.TestMethodWorker.run(TestMethodWorker.java:108)
	at org.testng.TestRunner.privateRun(TestRunner.java:774)
	at org.testng.TestRunner.run(TestRunner.java:624)
	at org.testng.SuiteRunner.runTest(SuiteRunner.java:359)
	at org.testng.SuiteRunner.runSequentially(SuiteRunner.java:354)
	at org.testng.SuiteRunner.privateRun(SuiteRunner.java:312)
	at org.testng.SuiteRunner.run(SuiteRunner.java:261)
	at org.testng.SuiteRunnerWorker.runSuite(SuiteRunnerWorker.java:52)
	at org.testng.SuiteRunnerWorker.run(SuiteRunnerWorker.java:86)
	at org.testng.TestNG.runSuitesSequentially(TestNG.java:1215)
	at org.testng.TestNG.runSuitesLocally(TestNG.java:1140)
	at org.testng.TestNG.run(TestNG.java:1048)
	at org.testng.remote.AbstractRemoteTestNG.run(AbstractRemoteTestNG.java:114)
	at org.testng.remote.RemoteTestNG.initAndRun(RemoteTestNG.java:251)
	at org.testng.remote.RemoteTestNG.main(RemoteTestNG.java:77)
]]>
            </full-stacktrace>
          </exception> <!-- org.openqa.selenium.WebDriverException -->
          <reporter-output>
          </reporter-output>
        </test-method> <!-- raiseaticket -->
        <test-method status="PASS" signature="teardown()[pri:0, instance:tvd.trm.qa.testcases.GenerateticketTest@25bbe1b6]" name="teardown" is-config="true" duration-ms="1743" started-at="2019-03-22T14:45:09Z" finished-at="2019-03-22T14:45:11Z">
          <reporter-output>
          </reporter-output>
        </test-method> <!-- teardown -->
      </class> <!-- tvd.trm.qa.testcases.GenerateticketTest -->
    </test> <!-- Default test -->
  </suite> <!-- Default suite -->
</testng-results>
