<?xml version="1.0" encoding="UTF-8"?>
<!-- Generated by org.testng.reporters.JUnitXMLReporter -->
<testsuite hostname="DESKTOP-7PFURVE" name="Default test(failed)" tests="5" failures="5" timestamp="22 Oct 2018 07:12:21 GMT" time="58.632" errors="0">
  <testcase name="verifyloginpagetitletest" time="0.009" classname="tvd.trm.qa.testcases.Homepagetest">
    <failure type="java.lang.NullPointerException">
      <![CDATA[java.lang.NullPointerException
	at tvd.trm.qa.testcases.Homepagetest.verifyloginpagetitletest(Homepagetest.java:47)
... Removed 24 stack frames]]>
    </failure>
  </testcase> <!-- verifyloginpagetitletest -->
  <testcase name="companynamelable" time="0.002" classname="tvd.trm.qa.testcases.Homepagetest">
    <failure type="java.lang.NullPointerException">
      <![CDATA[java.lang.NullPointerException
	at tvd.trm.qa.testcases.Homepagetest.companynamelable(Homepagetest.java:53)
... Removed 24 stack frames]]>
    </failure>
  </testcase> <!-- companynamelable -->
  <testcase name="subdivlabledisplay" time="0.002" classname="tvd.trm.qa.testcases.Homepagetest">
    <failure type="java.lang.NullPointerException">
      <![CDATA[java.lang.NullPointerException
	at tvd.trm.qa.testcases.Homepagetest.subdivlabledisplay(Homepagetest.java:60)
... Removed 24 stack frames]]>
    </failure>
  </testcase> <!-- subdivlabledisplay -->
  <testcase name="mousehover" time="0.001" classname="tvd.trm.qa.testcases.Homepagetest">
    <failure type="java.lang.NullPointerException">
      <![CDATA[java.lang.NullPointerException
	at tvd.trm.qa.testcases.Homepagetest.mousehover(Homepagetest.java:66)
... Removed 24 stack frames]]>
    </failure>
  </testcase> <!-- mousehover -->
  <testcase name="clickonltbilling" time="0.001" classname="tvd.trm.qa.testcases.Homepagetest">
    <failure type="java.lang.NullPointerException">
      <![CDATA[java.lang.NullPointerException
	at tvd.trm.qa.testcases.Homepagetest.clickonltbilling(Homepagetest.java:71)
... Removed 24 stack frames]]>
    </failure>
  </testcase> <!-- clickonltbilling -->
</testsuite> <!-- Default test(failed) -->
